  ClassesObjectsErrors.cpp
C:\Users\jorda\OneDrive\Documents\University of South Wales\githubRepos\USW\Programming 2023-24\Other\ClassesObjectsErrors\ClassesObjectsErrors.cpp(12,2): warning C4094: untagged 'struct' declared no symbols
C:\Users\jorda\OneDrive\Documents\University of South Wales\githubRepos\USW\Programming 2023-24\Other\ClassesObjectsErrors\ClassesObjectsErrors.cpp(22,1): fatal  error C1004: unexpected end-of-file found
  Segment 2.cpp
C:\Users\jorda\OneDrive\Documents\University of South Wales\githubRepos\USW\Programming 2023-24\Other\ClassesObjectsErrors\Segment 2.cpp(7,12): error C2059: syntax error: '.'
C:\Users\jorda\OneDrive\Documents\University of South Wales\githubRepos\USW\Programming 2023-24\Other\ClassesObjectsErrors\Segment 2.cpp(8,12): error C2059: syntax error: '.'
  Segment 5.cpp
C:\Users\jorda\OneDrive\Documents\University of South Wales\githubRepos\USW\Programming 2023-24\Other\ClassesObjectsErrors\Segment 5.cpp(9,2): error C2065: 'cout': undeclared identifier
  Segment 6.cpp
C:\Users\jorda\OneDrive\Documents\University of South Wales\githubRepos\USW\Programming 2023-24\Other\ClassesObjectsErrors\Segment 6.cpp(2,1): error C2059: syntax error: '{'
C:\Users\jorda\OneDrive\Documents\University of South Wales\githubRepos\USW\Programming 2023-24\Other\ClassesObjectsErrors\Segment 6.cpp(4,3): error C2062: type 'double' unexpected
C:\Users\jorda\OneDrive\Documents\University of South Wales\githubRepos\USW\Programming 2023-24\Other\ClassesObjectsErrors\Segment 6.cpp(4,17): error C2238: unexpected token(s) preceding ';'
C:\Users\jorda\OneDrive\Documents\University of South Wales\githubRepos\USW\Programming 2023-24\Other\ClassesObjectsErrors\Segment 6.cpp(8,27): error C4430: missing type specifier - int assumed. Note: C++ does not support default-int
C:\Users\jorda\OneDrive\Documents\University of South Wales\githubRepos\USW\Programming 2023-24\Other\ClassesObjectsErrors\Segment 6.cpp(8,27): warning C4183: 'setCenter': missing return type; assumed to be a member function returning 'int'
C:\Users\jorda\OneDrive\Documents\University of South Wales\githubRepos\USW\Programming 2023-24\Other\ClassesObjectsErrors\Segment 6.cpp(9,19): error C4430: missing type specifier - int assumed. Note: C++ does not support default-int
C:\Users\jorda\OneDrive\Documents\University of South Wales\githubRepos\USW\Programming 2023-24\Other\ClassesObjectsErrors\Segment 6.cpp(9,19): warning C4183: 'setRadius': missing return type; assumed to be a member function returning 'int'
C:\Users\jorda\OneDrive\Documents\University of South Wales\githubRepos\USW\Programming 2023-24\Other\ClassesObjectsErrors\Segment 6.cpp(11,1): fatal  error C1004: unexpected end-of-file found
  Segment 8.cpp
  Segment3.cpp
C:\Users\jorda\OneDrive\Documents\University of South Wales\githubRepos\USW\Programming 2023-24\Other\ClassesObjectsErrors\Segment3.cpp(5,2): error C2533: 'ThreeVals': constructors not allowed a return type
C:\Users\jorda\OneDrive\Documents\University of South Wales\githubRepos\USW\Programming 2023-24\Other\ClassesObjectsErrors\Segment3.cpp(13,2): error C2065: 'cout': undeclared identifier
C:\Users\jorda\OneDrive\Documents\University of South Wales\githubRepos\USW\Programming 2023-24\Other\ClassesObjectsErrors\Segment3.cpp(13,18): error C2065: 'endl': undeclared identifier
  Segment4.cpp
C:\Users\jorda\OneDrive\Documents\University of South Wales\githubRepos\USW\Programming 2023-24\Other\ClassesObjectsErrors\Segment4.cpp(3,9): error C3646: 'first': unknown override specifier
C:\Users\jorda\OneDrive\Documents\University of South Wales\githubRepos\USW\Programming 2023-24\Other\ClassesObjectsErrors\Segment4.cpp(3,14): error C4430: missing type specifier - int assumed. Note: C++ does not support default-int
C:\Users\jorda\OneDrive\Documents\University of South Wales\githubRepos\USW\Programming 2023-24\Other\ClassesObjectsErrors\Segment4.cpp(4,9): error C3646: 'last': unknown override specifier
C:\Users\jorda\OneDrive\Documents\University of South Wales\githubRepos\USW\Programming 2023-24\Other\ClassesObjectsErrors\Segment4.cpp(4,13): error C4430: missing type specifier - int assumed. Note: C++ does not support default-int
C:\Users\jorda\OneDrive\Documents\University of South Wales\githubRepos\USW\Programming 2023-24\Other\ClassesObjectsErrors\Segment4.cpp(8,16): error C2440: 'initializing': cannot convert from 'initializer list' to 'Names'
C:\Users\jorda\OneDrive\Documents\University of South Wales\githubRepos\USW\Programming 2023-24\Other\ClassesObjectsErrors\Segment4.cpp(8,16): message : 'Names::Names': function does not take 2 arguments
C:\Users\jorda\OneDrive\Documents\University of South Wales\githubRepos\USW\Programming 2023-24\Other\ClassesObjectsErrors\Segment4.cpp(8,16): message : while trying to match the argument list '(const char [6], const char [6])'
C:\Users\jorda\OneDrive\Documents\University of South Wales\githubRepos\USW\Programming 2023-24\Other\ClassesObjectsErrors\Segment4.cpp(9,2): error C2065: 'cout': undeclared identifier
C:\Users\jorda\OneDrive\Documents\University of South Wales\githubRepos\USW\Programming 2023-24\Other\ClassesObjectsErrors\Segment4.cpp(9,10): error C2065: 'Name': undeclared identifier
C:\Users\jorda\OneDrive\Documents\University of South Wales\githubRepos\USW\Programming 2023-24\Other\ClassesObjectsErrors\Segment4.cpp(9,24): error C2065: 'endl': undeclared identifier
C:\Users\jorda\OneDrive\Documents\University of South Wales\githubRepos\USW\Programming 2023-24\Other\ClassesObjectsErrors\Segment4.cpp(10,2): error C2065: 'cout': undeclared identifier
C:\Users\jorda\OneDrive\Documents\University of South Wales\githubRepos\USW\Programming 2023-24\Other\ClassesObjectsErrors\Segment4.cpp(10,10): error C2275: 'Names': expected an expression instead of a type
C:\Users\jorda\OneDrive\Documents\University of South Wales\githubRepos\USW\Programming 2023-24\Other\ClassesObjectsErrors\Segment4.cpp(10,24): error C2065: 'endl': undeclared identifier
  Segment7.cpp
C:\Users\jorda\OneDrive\Documents\University of South Wales\githubRepos\USW\Programming 2023-24\Other\ClassesObjectsErrors\Segment7.cpp(1,11): error C4430: missing type specifier - int assumed. Note: C++ does not support default-int
C:\Users\jorda\OneDrive\Documents\University of South Wales\githubRepos\USW\Programming 2023-24\Other\ClassesObjectsErrors\Segment7.cpp(1,7): error C2146: syntax error: missing ';' before identifier 'Moon'
C:\Users\jorda\OneDrive\Documents\University of South Wales\githubRepos\USW\Programming 2023-24\Other\ClassesObjectsErrors\Segment7.cpp(2,1): error C2447: '{': missing function header (old-style formal list?)
C:\Users\jorda\OneDrive\Documents\University of South Wales\githubRepos\USW\Programming 2023-24\Other\ClassesObjectsErrors\Segment7.cpp(15,2): error C2065: 'cout': undeclared identifier
C:\Users\jorda\OneDrive\Documents\University of South Wales\githubRepos\USW\Programming 2023-24\Other\ClassesObjectsErrors\Segment7.cpp(16,2): error C2065: 'cin': undeclared identifier
C:\Users\jorda\OneDrive\Documents\University of South Wales\githubRepos\USW\Programming 2023-24\Other\ClassesObjectsErrors\Segment7.cpp(17,2): error C2065: 'Moon': undeclared identifier
C:\Users\jorda\OneDrive\Documents\University of South Wales\githubRepos\USW\Programming 2023-24\Other\ClassesObjectsErrors\Segment7.cpp(17,7): error C2146: syntax error: missing ';' before identifier 'lunar'
C:\Users\jorda\OneDrive\Documents\University of South Wales\githubRepos\USW\Programming 2023-24\Other\ClassesObjectsErrors\Segment7.cpp(17,7): error C3861: 'lunar': identifier not found
C:\Users\jorda\OneDrive\Documents\University of South Wales\githubRepos\USW\Programming 2023-24\Other\ClassesObjectsErrors\Segment7.cpp(18,2): error C2065: 'cout': undeclared identifier
C:\Users\jorda\OneDrive\Documents\University of South Wales\githubRepos\USW\Programming 2023-24\Other\ClassesObjectsErrors\Segment7.cpp(19,6): error C2065: 'lunar': undeclared identifier
C:\Users\jorda\OneDrive\Documents\University of South Wales\githubRepos\USW\Programming 2023-24\Other\ClassesObjectsErrors\Segment7.cpp(19,31): error C2065: 'endl': undeclared identifier
  Generating Code...
